/opt/conda/envs/mr/lib/python3.8/site-packages/torch/nn/functional.py:1795: UserWarning: nn.functional.tanh is deprecated. Use torch.tanh instead.
  warnings.warn("nn.functional.tanh is deprecated. Use torch.tanh instead.")
/opt/conda/envs/mr/lib/python3.8/site-packages/torch/nn/functional.py:1795: UserWarning: nn.functional.tanh is deprecated. Use torch.tanh instead.
  warnings.warn("nn.functional.tanh is deprecated. Use torch.tanh instead.")
Traceback (most recent call last):
  File "train.py", line 110, in <module>
    main()
  File "train.py", line 89, in main
    train(model, idxlist, train_data, device, epoch, is_VAE=True, criterion = criterion, optimizer = optimizer, N = N, batch_size = args.batch_size, total_anneal_steps = args.total_anneal_steps, anneal_cap = args.anneal_cap, log_interval = args.log_interval)
  File "/opt/ml/final project/code/trainers.py", line 49, in train
    optimizer.step()
  File "/opt/conda/envs/mr/lib/python3.8/site-packages/torch/optim/optimizer.py", line 88, in wrapper
    return func(*args, **kwargs)
  File "/opt/conda/envs/mr/lib/python3.8/site-packages/torch/autograd/grad_mode.py", line 28, in decorate_context
    return func(*args, **kwargs)
  File "/opt/conda/envs/mr/lib/python3.8/site-packages/torch/optim/adam.py", line 115, in step
    state['exp_avg'] = torch.zeros_like(p, memory_format=torch.preserve_format)
RuntimeError: CUDA out of memory. Tried to allocate 1.58 GiB (GPU 0; 31.75 GiB total capacity; 7.69 GiB already allocated; 1.19 GiB free; 7.71 GiB reserved in total by PyTorch) If reserved memory is >> allocated memory try setting max_split_size_mb to avoid fragmentation.  See documentation for Memory Management and PYTORCH_CUDA_ALLOC_CONF
| epoch   1 |  100/ 371 batches | ms/batch 548.35 | loss 561.04
| epoch   1 |  200/ 371 batches | ms/batch 525.08 | loss 523.05
/opt/conda/envs/mr/lib/python3.8/site-packages/torch/nn/functional.py:1795: UserWarning: nn.functional.tanh is deprecated. Use torch.tanh instead.
  warnings.warn("nn.functional.tanh is deprecated. Use torch.tanh instead.")
Traceback (most recent call last):
  File "train.py", line 110, in <module>
    main()
  File "train.py", line 89, in main
    train(model, idxlist, train_data, device, epoch, is_VAE=True, criterion = criterion, optimizer = optimizer, N = N, batch_size = args.batch_size, total_anneal_steps = args.total_anneal_steps, anneal_cap = args.anneal_cap, log_interval = args.log_interval)
  File "/opt/ml/final project/code/trainers.py", line 49, in train
    optimizer.step()
  File "/opt/conda/envs/mr/lib/python3.8/site-packages/torch/optim/optimizer.py", line 88, in wrapper
    return func(*args, **kwargs)
  File "/opt/conda/envs/mr/lib/python3.8/site-packages/torch/autograd/grad_mode.py", line 28, in decorate_context
    return func(*args, **kwargs)
  File "/opt/conda/envs/mr/lib/python3.8/site-packages/torch/optim/adam.py", line 115, in step
    state['exp_avg'] = torch.zeros_like(p, memory_format=torch.preserve_format)
RuntimeError: CUDA out of memory. Tried to allocate 1.58 GiB (GPU 0; 31.75 GiB total capacity; 7.69 GiB already allocated; 1.19 GiB free; 7.71 GiB reserved in total by PyTorch) If reserved memory is >> allocated memory try setting max_split_size_mb to avoid fragmentation.  See documentation for Memory Management and PYTORCH_CUDA_ALLOC_CONF
| epoch   1 |  300/ 371 batches | ms/batch 541.12 | loss 488.67
/opt/conda/envs/mr/lib/python3.8/site-packages/torch/nn/functional.py:1795: UserWarning: nn.functional.tanh is deprecated. Use torch.tanh instead.
  warnings.warn("nn.functional.tanh is deprecated. Use torch.tanh instead.")
| epoch   1 |  100/ 371 batches | ms/batch 534.01 | loss 561.04
| epoch   1 |  200/ 371 batches | ms/batch 526.59 | loss 523.05
| epoch   1 |  300/ 371 batches | ms/batch 509.04 | loss 488.67
-----------------------------------------------------------------------------------------
| end of epoch   1 | time: 1283.31s | valid loss 374.02 | n100 0.083 | r20 0.065 | r50 0.102
-----------------------------------------------------------------------------------------
| epoch   2 |  100/ 371 batches | ms/batch 542.96 | loss 456.03
| epoch   2 |  200/ 371 batches | ms/batch 537.14 | loss 440.97
| epoch   2 |  300/ 371 batches | ms/batch 537.26 | loss 436.84
-----------------------------------------------------------------------------------------
| end of epoch   2 | time: 1255.76s | valid loss 346.51 | n100 0.133 | r20 0.112 | r50 0.170
-----------------------------------------------------------------------------------------
| epoch   3 |  100/ 371 batches | ms/batch 541.42 | loss 411.55
| epoch   3 |  200/ 371 batches | ms/batch 527.10 | loss 400.91
| epoch   3 |  300/ 371 batches | ms/batch 531.36 | loss 401.34
-----------------------------------------------------------------------------------------
| end of epoch   3 | time: 1217.91s | valid loss 333.01 | n100 0.164 | r20 0.144 | r50 0.210
-----------------------------------------------------------------------------------------
| epoch   4 |  100/ 371 batches | ms/batch 534.89 | loss 370.37
| epoch   4 |  200/ 371 batches | ms/batch 533.12 | loss 369.42
| epoch   4 |  300/ 371 batches | ms/batch 524.94 | loss 372.64
-----------------------------------------------------------------------------------------
| end of epoch   4 | time: 1197.59s | valid loss 326.40 | n100 0.185 | r20 0.163 | r50 0.236
-----------------------------------------------------------------------------------------
| epoch   5 |  100/ 371 batches | ms/batch 529.69 | loss 338.85
| epoch   5 |  200/ 371 batches | ms/batch 540.44 | loss 345.11
| epoch   5 |  300/ 371 batches | ms/batch 532.60 | loss 344.70
-----------------------------------------------------------------------------------------
| end of epoch   5 | time: 1212.05s | valid loss 325.33 | n100 0.199 | r20 0.178 | r50 0.253
-----------------------------------------------------------------------------------------
| epoch   6 |  100/ 371 batches | ms/batch 522.76 | loss 325.10
| epoch   6 |  200/ 371 batches | ms/batch 522.12 | loss 328.86
| epoch   6 |  300/ 371 batches | ms/batch 525.00 | loss 326.45
-----------------------------------------------------------------------------------------
| end of epoch   6 | time: 1229.22s | valid loss 327.34 | n100 0.206 | r20 0.185 | r50 0.261
-----------------------------------------------------------------------------------------
| epoch   7 |  100/ 371 batches | ms/batch 544.76 | loss 321.08
| epoch   7 |  200/ 371 batches | ms/batch 544.87 | loss 321.01
| epoch   7 |  300/ 371 batches | ms/batch 540.75 | loss 321.27
-----------------------------------------------------------------------------------------
| end of epoch   7 | time: 1208.30s | valid loss 327.39 | n100 0.211 | r20 0.190 | r50 0.265
-----------------------------------------------------------------------------------------
| epoch   8 |  100/ 371 batches | ms/batch 535.77 | loss 317.50
| epoch   8 |  200/ 371 batches | ms/batch 542.39 | loss 316.41
| epoch   8 |  300/ 371 batches | ms/batch 530.15 | loss 318.42
-----------------------------------------------------------------------------------------
| end of epoch   8 | time: 1266.37s | valid loss 326.07 | n100 0.215 | r20 0.194 | r50 0.270
-----------------------------------------------------------------------------------------
| epoch   9 |  100/ 371 batches | ms/batch 534.52 | loss 316.03
| epoch   9 |  200/ 371 batches | ms/batch 531.88 | loss 310.81
| epoch   9 |  300/ 371 batches | ms/batch 529.75 | loss 311.17
-----------------------------------------------------------------------------------------
| end of epoch   9 | time: 1229.07s | valid loss 325.41 | n100 0.217 | r20 0.197 | r50 0.272
-----------------------------------------------------------------------------------------
| epoch  10 |  100/ 371 batches | ms/batch 539.07 | loss 307.88
| epoch  10 |  200/ 371 batches | ms/batch 516.32 | loss 304.58
| epoch  10 |  300/ 371 batches | ms/batch 526.51 | loss 311.62
-----------------------------------------------------------------------------------------
| end of epoch  10 | time: 1225.76s | valid loss 325.68 | n100 0.219 | r20 0.198 | r50 0.274
-----------------------------------------------------------------------------------------
| epoch  11 |  100/ 371 batches | ms/batch 526.35 | loss 304.07
| epoch  11 |  200/ 371 batches | ms/batch 528.46 | loss 303.57
| epoch  11 |  300/ 371 batches | ms/batch 523.26 | loss 303.71
-----------------------------------------------------------------------------------------
| end of epoch  11 | time: 1204.57s | valid loss 322.57 | n100 0.222 | r20 0.203 | r50 0.279
-----------------------------------------------------------------------------------------
| epoch  12 |  100/ 371 batches | ms/batch 543.57 | loss 299.10
| epoch  12 |  200/ 371 batches | ms/batch 535.60 | loss 301.62
| epoch  12 |  300/ 371 batches | ms/batch 537.07 | loss 298.77
-----------------------------------------------------------------------------------------
| end of epoch  12 | time: 1231.77s | valid loss 319.36 | n100 0.225 | r20 0.206 | r50 0.281
-----------------------------------------------------------------------------------------
| epoch  13 |  100/ 371 batches | ms/batch 529.04 | loss 297.09
| epoch  13 |  200/ 371 batches | ms/batch 521.11 | loss 294.08
| epoch  13 |  300/ 371 batches | ms/batch 524.40 | loss 299.29
-----------------------------------------------------------------------------------------
| end of epoch  13 | time: 1229.31s | valid loss 317.72 | n100 0.228 | r20 0.208 | r50 0.285
-----------------------------------------------------------------------------------------
| epoch  14 |  100/ 371 batches | ms/batch 547.37 | loss 295.20
| epoch  14 |  200/ 371 batches | ms/batch 541.39 | loss 290.84
| epoch  14 |  300/ 371 batches | ms/batch 543.45 | loss 291.51
-----------------------------------------------------------------------------------------
| end of epoch  14 | time: 1236.63s | valid loss 317.31 | n100 0.229 | r20 0.208 | r50 0.285
-----------------------------------------------------------------------------------------
| epoch  15 |  100/ 371 batches | ms/batch 540.38 | loss 289.15
| epoch  15 |  200/ 371 batches | ms/batch 521.48 | loss 287.77
| epoch  15 |  300/ 371 batches | ms/batch 534.15 | loss 290.08
-----------------------------------------------------------------------------------------
| end of epoch  15 | time: 1220.62s | valid loss 314.90 | n100 0.230 | r20 0.210 | r50 0.286
-----------------------------------------------------------------------------------------
| epoch  16 |  100/ 371 batches | ms/batch 541.45 | loss 286.88
| epoch  16 |  200/ 371 batches | ms/batch 518.40 | loss 285.95
| epoch  16 |  300/ 371 batches | ms/batch 528.06 | loss 284.68
-----------------------------------------------------------------------------------------
| end of epoch  16 | time: 1226.13s | valid loss 314.12 | n100 0.231 | r20 0.212 | r50 0.288
-----------------------------------------------------------------------------------------
| epoch  17 |  100/ 371 batches | ms/batch 535.11 | loss 285.28
| epoch  17 |  200/ 371 batches | ms/batch 534.35 | loss 281.89
| epoch  17 |  300/ 371 batches | ms/batch 537.30 | loss 282.57
-----------------------------------------------------------------------------------------
| end of epoch  17 | time: 1222.04s | valid loss 313.10 | n100 0.233 | r20 0.212 | r50 0.288
-----------------------------------------------------------------------------------------
| epoch  18 |  100/ 371 batches | ms/batch 532.37 | loss 280.03
| epoch  18 |  200/ 371 batches | ms/batch 522.52 | loss 276.91
| epoch  18 |  300/ 371 batches | ms/batch 532.21 | loss 283.77
-----------------------------------------------------------------------------------------
| end of epoch  18 | time: 1214.75s | valid loss 311.17 | n100 0.234 | r20 0.214 | r50 0.292
-----------------------------------------------------------------------------------------
| epoch  19 |  100/ 371 batches | ms/batch 549.62 | loss 278.36
| epoch  19 |  200/ 371 batches | ms/batch 540.60 | loss 277.38
| epoch  19 |  300/ 371 batches | ms/batch 536.32 | loss 279.34
-----------------------------------------------------------------------------------------
| end of epoch  19 | time: 1209.39s | valid loss 311.00 | n100 0.235 | r20 0.216 | r50 0.292
-----------------------------------------------------------------------------------------
| epoch  20 |  100/ 371 batches | ms/batch 531.08 | loss 276.14
| epoch  20 |  200/ 371 batches | ms/batch 526.59 | loss 273.43
| epoch  20 |  300/ 371 batches | ms/batch 539.15 | loss 279.02
-----------------------------------------------------------------------------------------
| end of epoch  20 | time: 1197.02s | valid loss 309.97 | n100 0.237 | r20 0.217 | r50 0.293
-----------------------------------------------------------------------------------------
| epoch  21 |  100/ 371 batches | ms/batch 544.17 | loss 277.38
| epoch  21 |  200/ 371 batches | ms/batch 535.66 | loss 273.66
| epoch  21 |  300/ 371 batches | ms/batch 543.05 | loss 274.00
-----------------------------------------------------------------------------------------
| end of epoch  21 | time: 1200.41s | valid loss 310.11 | n100 0.238 | r20 0.218 | r50 0.295
-----------------------------------------------------------------------------------------
| epoch  22 |  100/ 371 batches | ms/batch 538.94 | loss 270.97
| epoch  22 |  200/ 371 batches | ms/batch 533.50 | loss 272.85
| epoch  22 |  300/ 371 batches | ms/batch 531.88 | loss 273.49
-----------------------------------------------------------------------------------------
| end of epoch  22 | time: 1186.38s | valid loss 310.17 | n100 0.239 | r20 0.219 | r50 0.296
-----------------------------------------------------------------------------------------
| epoch  23 |  100/ 371 batches | ms/batch 532.64 | loss 275.77
| epoch  23 |  200/ 371 batches | ms/batch 528.99 | loss 269.04
| epoch  23 |  300/ 371 batches | ms/batch 533.95 | loss 269.63
-----------------------------------------------------------------------------------------
| end of epoch  23 | time: 1231.85s | valid loss 309.34 | n100 0.239 | r20 0.219 | r50 0.297
-----------------------------------------------------------------------------------------
| epoch  24 |  100/ 371 batches | ms/batch 531.97 | loss 272.22
| epoch  24 |  200/ 371 batches | ms/batch 530.83 | loss 268.76
| epoch  24 |  300/ 371 batches | ms/batch 534.94 | loss 267.92
-----------------------------------------------------------------------------------------
| end of epoch  24 | time: 1198.39s | valid loss 308.35 | n100 0.239 | r20 0.220 | r50 0.298
-----------------------------------------------------------------------------------------
| epoch  25 |  100/ 371 batches | ms/batch 535.54 | loss 268.49
| epoch  25 |  200/ 371 batches | ms/batch 534.15 | loss 268.98
| epoch  25 |  300/ 371 batches | ms/batch 534.78 | loss 268.96
-----------------------------------------------------------------------------------------
| end of epoch  25 | time: 1213.28s | valid loss 307.96 | n100 0.240 | r20 0.221 | r50 0.298
-----------------------------------------------------------------------------------------
| epoch  26 |  100/ 371 batches | ms/batch 539.05 | loss 271.47
| epoch  26 |  200/ 371 batches | ms/batch 532.65 | loss 265.42
| epoch  26 |  300/ 371 batches | ms/batch 519.52 | loss 268.79
-----------------------------------------------------------------------------------------
| end of epoch  26 | time: 1185.30s | valid loss 308.51 | n100 0.241 | r20 0.221 | r50 0.300
-----------------------------------------------------------------------------------------
| epoch  27 |  100/ 371 batches | ms/batch 548.67 | loss 269.30
| epoch  27 |  200/ 371 batches | ms/batch 541.94 | loss 266.44
| epoch  27 |  300/ 371 batches | ms/batch 524.25 | loss 265.83
-----------------------------------------------------------------------------------------
| end of epoch  27 | time: 1206.15s | valid loss 308.84 | n100 0.241 | r20 0.221 | r50 0.297
-----------------------------------------------------------------------------------------
| epoch  28 |  100/ 371 batches | ms/batch 538.29 | loss 266.31
| epoch  28 |  200/ 371 batches | ms/batch 521.11 | loss 262.07
| epoch  28 |  300/ 371 batches | ms/batch 507.17 | loss 265.09
-----------------------------------------------------------------------------------------
| end of epoch  28 | time: 1179.22s | valid loss 308.33 | n100 0.242 | r20 0.222 | r50 0.301
-----------------------------------------------------------------------------------------
| epoch  29 |  100/ 371 batches | ms/batch 531.93 | loss 264.94
| epoch  29 |  200/ 371 batches | ms/batch 534.85 | loss 263.71
| epoch  29 |  300/ 371 batches | ms/batch 535.18 | loss 263.76
-----------------------------------------------------------------------------------------
| end of epoch  29 | time: 1201.84s | valid loss 307.78 | n100 0.242 | r20 0.223 | r50 0.301
-----------------------------------------------------------------------------------------
| epoch  30 |  100/ 371 batches | ms/batch 538.37 | loss 262.94
| epoch  30 |  200/ 371 batches | ms/batch 537.58 | loss 264.01
| epoch  30 |  300/ 371 batches | ms/batch 531.96 | loss 261.75
-----------------------------------------------------------------------------------------
| end of epoch  30 | time: 1204.47s | valid loss 308.74 | n100 0.243 | r20 0.223 | r50 0.302
-----------------------------------------------------------------------------------------
| epoch  31 |  100/ 371 batches | ms/batch 531.62 | loss 262.71
| epoch  31 |  200/ 371 batches | ms/batch 527.40 | loss 260.62
| epoch  31 |  300/ 371 batches | ms/batch 531.49 | loss 263.55
-----------------------------------------------------------------------------------------
| end of epoch  31 | time: 1213.06s | valid loss 307.74 | n100 0.244 | r20 0.224 | r50 0.304
-----------------------------------------------------------------------------------------
| epoch  32 |  100/ 371 batches | ms/batch 532.96 | loss 259.58
| epoch  32 |  200/ 371 batches | ms/batch 526.09 | loss 260.84
| epoch  32 |  300/ 371 batches | ms/batch 524.41 | loss 262.01
-----------------------------------------------------------------------------------------
| end of epoch  32 | time: 1221.36s | valid loss 307.95 | n100 0.243 | r20 0.224 | r50 0.302
-----------------------------------------------------------------------------------------
| epoch  33 |  100/ 371 batches | ms/batch 531.18 | loss 261.31
| epoch  33 |  200/ 371 batches | ms/batch 538.30 | loss 260.66
| epoch  33 |  300/ 371 batches | ms/batch 524.66 | loss 261.08
-----------------------------------------------------------------------------------------
| end of epoch  33 | time: 1191.42s | valid loss 307.01 | n100 0.244 | r20 0.225 | r50 0.304
-----------------------------------------------------------------------------------------
| epoch  34 |  100/ 371 batches | ms/batch 533.38 | loss 259.45
| epoch  34 |  200/ 371 batches | ms/batch 537.45 | loss 260.52
| epoch  34 |  300/ 371 batches | ms/batch 538.43 | loss 260.15
-----------------------------------------------------------------------------------------
| end of epoch  34 | time: 1201.96s | valid loss 308.37 | n100 0.245 | r20 0.226 | r50 0.304
-----------------------------------------------------------------------------------------
| epoch  35 |  100/ 371 batches | ms/batch 543.84 | loss 257.51
| epoch  35 |  200/ 371 batches | ms/batch 530.79 | loss 258.70
| epoch  35 |  300/ 371 batches | ms/batch 537.39 | loss 259.47
-----------------------------------------------------------------------------------------
| end of epoch  35 | time: 1209.17s | valid loss 309.02 | n100 0.245 | r20 0.225 | r50 0.304
-----------------------------------------------------------------------------------------
| epoch  36 |  100/ 371 batches | ms/batch 549.21 | loss 258.17
| epoch  36 |  200/ 371 batches | ms/batch 541.82 | loss 256.46
| epoch  36 |  300/ 371 batches | ms/batch 540.79 | loss 261.74
-----------------------------------------------------------------------------------------
| end of epoch  36 | time: 1230.37s | valid loss 308.07 | n100 0.246 | r20 0.227 | r50 0.306
-----------------------------------------------------------------------------------------
| epoch  37 |  100/ 371 batches | ms/batch 525.96 | loss 258.43
| epoch  37 |  200/ 371 batches | ms/batch 515.21 | loss 256.86
| epoch  37 |  300/ 371 batches | ms/batch 542.13 | loss 257.73
-----------------------------------------------------------------------------------------
| end of epoch  37 | time: 1227.86s | valid loss 307.77 | n100 0.247 | r20 0.227 | r50 0.306
-----------------------------------------------------------------------------------------
| epoch  38 |  100/ 371 batches | ms/batch 540.97 | loss 255.97
| epoch  38 |  200/ 371 batches | ms/batch 532.11 | loss 256.79
| epoch  38 |  300/ 371 batches | ms/batch 532.34 | loss 258.32
-----------------------------------------------------------------------------------------
| end of epoch  38 | time: 1221.62s | valid loss 307.79 | n100 0.247 | r20 0.228 | r50 0.306
-----------------------------------------------------------------------------------------
| epoch  39 |  100/ 371 batches | ms/batch 548.00 | loss 257.65
| epoch  39 |  200/ 371 batches | ms/batch 529.97 | loss 257.97
| epoch  39 |  300/ 371 batches | ms/batch 509.38 | loss 254.35
-----------------------------------------------------------------------------------------
| end of epoch  39 | time: 1190.75s | valid loss 307.94 | n100 0.247 | r20 0.228 | r50 0.306
-----------------------------------------------------------------------------------------
| epoch  40 |  100/ 371 batches | ms/batch 544.05 | loss 259.35
| epoch  40 |  200/ 371 batches | ms/batch 533.76 | loss 254.97
| epoch  40 |  300/ 371 batches | ms/batch 531.80 | loss 255.33
-----------------------------------------------------------------------------------------
| end of epoch  40 | time: 1205.75s | valid loss 308.12 | n100 0.247 | r20 0.228 | r50 0.307
-----------------------------------------------------------------------------------------
| epoch  41 |  100/ 371 batches | ms/batch 542.78 | loss 255.63
| epoch  41 |  200/ 371 batches | ms/batch 539.85 | loss 253.41
| epoch  41 |  300/ 371 batches | ms/batch 533.48 | loss 256.08
-----------------------------------------------------------------------------------------
| end of epoch  41 | time: 1195.51s | valid loss 308.51 | n100 0.247 | r20 0.229 | r50 0.307
-----------------------------------------------------------------------------------------
| epoch  42 |  100/ 371 batches | ms/batch 543.23 | loss 255.30
| epoch  42 |  200/ 371 batches | ms/batch 539.17 | loss 256.60
| epoch  42 |  300/ 371 batches | ms/batch 538.09 | loss 251.97
-----------------------------------------------------------------------------------------
| end of epoch  42 | time: 1201.32s | valid loss 307.89 | n100 0.248 | r20 0.229 | r50 0.308
-----------------------------------------------------------------------------------------
| epoch  43 |  100/ 371 batches | ms/batch 527.39 | loss 257.30
| epoch  43 |  200/ 371 batches | ms/batch 531.72 | loss 253.86
| epoch  43 |  300/ 371 batches | ms/batch 534.82 | loss 254.70
-----------------------------------------------------------------------------------------
| end of epoch  43 | time: 1212.63s | valid loss 307.91 | n100 0.248 | r20 0.230 | r50 0.308
-----------------------------------------------------------------------------------------
| epoch  44 |  100/ 371 batches | ms/batch 545.02 | loss 256.16
| epoch  44 |  200/ 371 batches | ms/batch 538.51 | loss 252.56
| epoch  44 |  300/ 371 batches | ms/batch 523.01 | loss 255.32
-----------------------------------------------------------------------------------------
| end of epoch  44 | time: 1210.63s | valid loss 308.07 | n100 0.249 | r20 0.231 | r50 0.309
-----------------------------------------------------------------------------------------
| epoch  45 |  100/ 371 batches | ms/batch 530.99 | loss 254.70
| epoch  45 |  200/ 371 batches | ms/batch 522.86 | loss 254.48
| epoch  45 |  300/ 371 batches | ms/batch 531.78 | loss 254.19
-----------------------------------------------------------------------------------------
| end of epoch  45 | time: 1208.05s | valid loss 308.49 | n100 0.250 | r20 0.230 | r50 0.308
-----------------------------------------------------------------------------------------
| epoch  46 |  100/ 371 batches | ms/batch 527.09 | loss 253.62
| epoch  46 |  200/ 371 batches | ms/batch 529.68 | loss 254.25
| epoch  46 |  300/ 371 batches | ms/batch 526.01 | loss 252.51
-----------------------------------------------------------------------------------------
| end of epoch  46 | time: 1192.56s | valid loss 308.68 | n100 0.249 | r20 0.231 | r50 0.308
-----------------------------------------------------------------------------------------
| epoch  47 |  100/ 371 batches | ms/batch 524.86 | loss 253.32
| epoch  47 |  200/ 371 batches | ms/batch 533.09 | loss 250.84
| epoch  47 |  300/ 371 batches | ms/batch 524.39 | loss 251.68
-----------------------------------------------------------------------------------------
| end of epoch  47 | time: 1193.56s | valid loss 308.62 | n100 0.250 | r20 0.231 | r50 0.309
-----------------------------------------------------------------------------------------
| epoch  48 |  100/ 371 batches | ms/batch 551.50 | loss 257.48
| epoch  48 |  200/ 371 batches | ms/batch 538.08 | loss 248.06
| epoch  48 |  300/ 371 batches | ms/batch 534.68 | loss 250.69
-----------------------------------------------------------------------------------------
| end of epoch  48 | time: 1202.09s | valid loss 308.49 | n100 0.251 | r20 0.232 | r50 0.309
-----------------------------------------------------------------------------------------
| epoch  49 |  100/ 371 batches | ms/batch 530.85 | loss 252.14
| epoch  49 |  200/ 371 batches | ms/batch 533.15 | loss 249.72
| epoch  49 |  300/ 371 batches | ms/batch 520.40 | loss 255.73
-----------------------------------------------------------------------------------------
| end of epoch  49 | time: 1201.75s | valid loss 308.06 | n100 0.250 | r20 0.232 | r50 0.310
-----------------------------------------------------------------------------------------
| epoch  50 |  100/ 371 batches | ms/batch 536.42 | loss 251.05
| epoch  50 |  200/ 371 batches | ms/batch 532.80 | loss 251.92
| epoch  50 |  300/ 371 batches | ms/batch 540.82 | loss 250.38
-----------------------------------------------------------------------------------------
| end of epoch  50 | time: 1207.28s | valid loss 308.65 | n100 0.250 | r20 0.231 | r50 0.311
-----------------------------------------------------------------------------------------
| epoch  51 |  100/ 371 batches | ms/batch 529.80 | loss 253.47
| epoch  51 |  200/ 371 batches | ms/batch 518.01 | loss 251.35
| epoch  51 |  300/ 371 batches | ms/batch 521.05 | loss 250.97
-----------------------------------------------------------------------------------------
| end of epoch  51 | time: 1217.73s | valid loss 308.50 | n100 0.251 | r20 0.232 | r50 0.310
-----------------------------------------------------------------------------------------
| epoch  52 |  100/ 371 batches | ms/batch 544.41 | loss 251.84
| epoch  52 |  200/ 371 batches | ms/batch 531.31 | loss 248.68
| epoch  52 |  300/ 371 batches | ms/batch 531.75 | loss 251.29
-----------------------------------------------------------------------------------------
| end of epoch  52 | time: 1198.03s | valid loss 308.42 | n100 0.251 | r20 0.232 | r50 0.311
-----------------------------------------------------------------------------------------
| epoch  53 |  100/ 371 batches | ms/batch 532.70 | loss 251.48
| epoch  53 |  200/ 371 batches | ms/batch 525.94 | loss 247.67
| epoch  53 |  300/ 371 batches | ms/batch 532.08 | loss 251.97
-----------------------------------------------------------------------------------------
| end of epoch  53 | time: 1200.17s | valid loss 308.48 | n100 0.251 | r20 0.233 | r50 0.310
-----------------------------------------------------------------------------------------
| epoch  54 |  100/ 371 batches | ms/batch 534.38 | loss 249.10
| epoch  54 |  200/ 371 batches | ms/batch 529.89 | loss 252.55
| epoch  54 |  300/ 371 batches | ms/batch 522.93 | loss 248.15
-----------------------------------------------------------------------------------------
| end of epoch  54 | time: 1202.12s | valid loss 309.30 | n100 0.251 | r20 0.233 | r50 0.310
-----------------------------------------------------------------------------------------
| epoch  55 |  100/ 371 batches | ms/batch 526.88 | loss 249.96
| epoch  55 |  200/ 371 batches | ms/batch 528.86 | loss 247.79
| epoch  55 |  300/ 371 batches | ms/batch 535.90 | loss 251.03
-----------------------------------------------------------------------------------------
| end of epoch  55 | time: 1210.98s | valid loss 308.91 | n100 0.251 | r20 0.232 | r50 0.311
-----------------------------------------------------------------------------------------
| epoch  56 |  100/ 371 batches | ms/batch 536.44 | loss 251.15
| epoch  56 |  200/ 371 batches | ms/batch 530.45 | loss 245.51
| epoch  56 |  300/ 371 batches | ms/batch 524.82 | loss 251.01
-----------------------------------------------------------------------------------------
| end of epoch  56 | time: 1204.37s | valid loss 308.76 | n100 0.251 | r20 0.233 | r50 0.310
-----------------------------------------------------------------------------------------
| epoch  57 |  100/ 371 batches | ms/batch 539.16 | loss 250.42
| epoch  57 |  200/ 371 batches | ms/batch 533.87 | loss 248.17
| epoch  57 |  300/ 371 batches | ms/batch 538.21 | loss 249.59
-----------------------------------------------------------------------------------------
| end of epoch  57 | time: 1217.94s | valid loss 309.08 | n100 0.251 | r20 0.234 | r50 0.310
-----------------------------------------------------------------------------------------
| epoch  58 |  100/ 371 batches | ms/batch 533.41 | loss 248.19
| epoch  58 |  200/ 371 batches | ms/batch 531.92 | loss 248.24
| epoch  58 |  300/ 371 batches | ms/batch 537.15 | loss 249.40
-----------------------------------------------------------------------------------------
| end of epoch  58 | time: 1204.11s | valid loss 308.31 | n100 0.252 | r20 0.234 | r50 0.312
-----------------------------------------------------------------------------------------
| epoch  59 |  100/ 371 batches | ms/batch 538.14 | loss 248.67
| epoch  59 |  200/ 371 batches | ms/batch 532.07 | loss 247.64
| epoch  59 |  300/ 371 batches | ms/batch 533.75 | loss 248.31
-----------------------------------------------------------------------------------------
| end of epoch  59 | time: 1208.88s | valid loss 309.56 | n100 0.252 | r20 0.233 | r50 0.312
-----------------------------------------------------------------------------------------
| epoch  60 |  100/ 371 batches | ms/batch 546.58 | loss 247.92
| epoch  60 |  200/ 371 batches | ms/batch 526.65 | loss 247.59
| epoch  60 |  300/ 371 batches | ms/batch 532.47 | loss 248.83
-----------------------------------------------------------------------------------------
| end of epoch  60 | time: 1214.10s | valid loss 308.64 | n100 0.252 | r20 0.233 | r50 0.313
-----------------------------------------------------------------------------------------
| epoch  61 |  100/ 371 batches | ms/batch 534.74 | loss 247.87
| epoch  61 |  200/ 371 batches | ms/batch 528.69 | loss 247.09
| epoch  61 |  300/ 371 batches | ms/batch 513.62 | loss 247.76
-----------------------------------------------------------------------------------------
| end of epoch  61 | time: 1193.42s | valid loss 309.79 | n100 0.252 | r20 0.233 | r50 0.311
-----------------------------------------------------------------------------------------
| epoch  62 |  100/ 371 batches | ms/batch 537.04 | loss 247.34
| epoch  62 |  200/ 371 batches | ms/batch 523.83 | loss 244.83
| epoch  62 |  300/ 371 batches | ms/batch 540.11 | loss 248.95
-----------------------------------------------------------------------------------------
| end of epoch  62 | time: 1213.22s | valid loss 309.16 | n100 0.252 | r20 0.235 | r50 0.312
-----------------------------------------------------------------------------------------
| epoch  63 |  100/ 371 batches | ms/batch 531.25 | loss 247.23
| epoch  63 |  200/ 371 batches | ms/batch 523.84 | loss 247.84
| epoch  63 |  300/ 371 batches | ms/batch 536.08 | loss 246.67
-----------------------------------------------------------------------------------------
| end of epoch  63 | time: 1206.89s | valid loss 309.91 | n100 0.252 | r20 0.234 | r50 0.311
-----------------------------------------------------------------------------------------
| epoch  64 |  100/ 371 batches | ms/batch 531.51 | loss 246.63
| epoch  64 |  200/ 371 batches | ms/batch 525.30 | loss 247.26
| epoch  64 |  300/ 371 batches | ms/batch 533.90 | loss 246.27
-----------------------------------------------------------------------------------------
| end of epoch  64 | time: 1192.86s | valid loss 309.07 | n100 0.253 | r20 0.236 | r50 0.313
-----------------------------------------------------------------------------------------
| epoch  65 |  100/ 371 batches | ms/batch 540.00 | loss 248.35
| epoch  65 |  200/ 371 batches | ms/batch 540.12 | loss 244.33
| epoch  65 |  300/ 371 batches | ms/batch 530.16 | loss 245.71
-----------------------------------------------------------------------------------------
| end of epoch  65 | time: 1216.69s | valid loss 309.36 | n100 0.253 | r20 0.234 | r50 0.312
-----------------------------------------------------------------------------------------
| epoch  66 |  100/ 371 batches | ms/batch 539.63 | loss 250.79
| epoch  66 |  200/ 371 batches | ms/batch 534.67 | loss 242.56
| epoch  66 |  300/ 371 batches | ms/batch 531.44 | loss 245.51
-----------------------------------------------------------------------------------------
| end of epoch  66 | time: 1209.32s | valid loss 309.31 | n100 0.253 | r20 0.235 | r50 0.313
-----------------------------------------------------------------------------------------
| epoch  67 |  100/ 371 batches | ms/batch 528.29 | loss 244.58
| epoch  67 |  200/ 371 batches | ms/batch 529.89 | loss 247.84
| epoch  67 |  300/ 371 batches | ms/batch 542.32 | loss 244.14
-----------------------------------------------------------------------------------------
| end of epoch  67 | time: 1206.89s | valid loss 310.05 | n100 0.253 | r20 0.234 | r50 0.312
-----------------------------------------------------------------------------------------
| epoch  68 |  100/ 371 batches | ms/batch 539.24 | loss 246.23
| epoch  68 |  200/ 371 batches | ms/batch 517.93 | loss 245.83
| epoch  68 |  300/ 371 batches | ms/batch 520.00 | loss 247.11
-----------------------------------------------------------------------------------------
| end of epoch  68 | time: 1181.35s | valid loss 309.77 | n100 0.254 | r20 0.235 | r50 0.312
-----------------------------------------------------------------------------------------
| epoch  69 |  100/ 371 batches | ms/batch 525.41 | loss 246.82
| epoch  69 |  200/ 371 batches | ms/batch 527.67 | loss 243.29
| epoch  69 |  300/ 371 batches | ms/batch 529.34 | loss 247.56
-----------------------------------------------------------------------------------------
| end of epoch  69 | time: 1206.83s | valid loss 309.77 | n100 0.254 | r20 0.236 | r50 0.314
-----------------------------------------------------------------------------------------
| epoch  70 |  100/ 371 batches | ms/batch 540.13 | loss 245.62
| epoch  70 |  200/ 371 batches | ms/batch 538.24 | loss 247.14
| epoch  70 |  300/ 371 batches | ms/batch 535.64 | loss 243.71
-----------------------------------------------------------------------------------------
| end of epoch  70 | time: 1194.92s | valid loss 309.52 | n100 0.254 | r20 0.236 | r50 0.313
-----------------------------------------------------------------------------------------
| epoch  71 |  100/ 371 batches | ms/batch 541.29 | loss 248.24
| epoch  71 |  200/ 371 batches | ms/batch 532.87 | loss 244.33
| epoch  71 |  300/ 371 batches | ms/batch 522.37 | loss 244.04
-----------------------------------------------------------------------------------------
| end of epoch  71 | time: 1188.33s | valid loss 310.02 | n100 0.254 | r20 0.235 | r50 0.313
-----------------------------------------------------------------------------------------
| epoch  72 |  100/ 371 batches | ms/batch 534.46 | loss 247.45
| epoch  72 |  200/ 371 batches | ms/batch 526.46 | loss 240.56
| epoch  72 |  300/ 371 batches | ms/batch 535.67 | loss 245.87
-----------------------------------------------------------------------------------------
| end of epoch  72 | time: 1209.11s | valid loss 310.63 | n100 0.253 | r20 0.234 | r50 0.312
-----------------------------------------------------------------------------------------
| epoch  73 |  100/ 371 batches | ms/batch 542.67 | loss 245.48
| epoch  73 |  200/ 371 batches | ms/batch 527.55 | loss 241.89
| epoch  73 |  300/ 371 batches | ms/batch 535.19 | loss 245.86
-----------------------------------------------------------------------------------------
| end of epoch  73 | time: 1185.87s | valid loss 309.60 | n100 0.253 | r20 0.236 | r50 0.313
-----------------------------------------------------------------------------------------
| epoch  74 |  100/ 371 batches | ms/batch 548.17 | loss 243.67
| epoch  74 |  200/ 371 batches | ms/batch 534.83 | loss 244.52
| epoch  74 |  300/ 371 batches | ms/batch 528.32 | loss 244.00
-----------------------------------------------------------------------------------------
| end of epoch  74 | time: 1215.75s | valid loss 309.63 | n100 0.255 | r20 0.237 | r50 0.315
-----------------------------------------------------------------------------------------
| epoch  75 |  100/ 371 batches | ms/batch 541.70 | loss 247.44
| epoch  75 |  200/ 371 batches | ms/batch 533.63 | loss 245.02
| epoch  75 |  300/ 371 batches | ms/batch 534.09 | loss 242.28
-----------------------------------------------------------------------------------------
| end of epoch  75 | time: 1205.42s | valid loss 309.97 | n100 0.254 | r20 0.236 | r50 0.313
-----------------------------------------------------------------------------------------
| epoch  76 |  100/ 371 batches | ms/batch 549.92 | loss 245.79
| epoch  76 |  200/ 371 batches | ms/batch 536.15 | loss 241.29
| epoch  76 |  300/ 371 batches | ms/batch 531.73 | loss 245.05
-----------------------------------------------------------------------------------------
| end of epoch  76 | time: 1205.67s | valid loss 310.01 | n100 0.254 | r20 0.236 | r50 0.314
-----------------------------------------------------------------------------------------
| epoch  77 |  100/ 371 batches | ms/batch 523.49 | loss 245.19
| epoch  77 |  200/ 371 batches | ms/batch 524.90 | loss 242.00
| epoch  77 |  300/ 371 batches | ms/batch 522.31 | loss 245.97
-----------------------------------------------------------------------------------------
| end of epoch  77 | time: 1210.35s | valid loss 310.57 | n100 0.255 | r20 0.236 | r50 0.314
-----------------------------------------------------------------------------------------
| epoch  78 |  100/ 371 batches | ms/batch 529.77 | loss 242.24
| epoch  78 |  200/ 371 batches | ms/batch 530.95 | loss 243.31
| epoch  78 |  300/ 371 batches | ms/batch 524.58 | loss 246.32
-----------------------------------------------------------------------------------------
| end of epoch  78 | time: 1202.12s | valid loss 310.22 | n100 0.254 | r20 0.237 | r50 0.313
-----------------------------------------------------------------------------------------
| epoch  79 |  100/ 371 batches | ms/batch 534.23 | loss 246.18
| epoch  79 |  200/ 371 batches | ms/batch 523.49 | loss 241.56
| epoch  79 |  300/ 371 batches | ms/batch 525.68 | loss 242.35
-----------------------------------------------------------------------------------------
| end of epoch  79 | time: 1201.89s | valid loss 310.29 | n100 0.255 | r20 0.236 | r50 0.313
-----------------------------------------------------------------------------------------
| epoch  80 |  100/ 371 batches | ms/batch 544.17 | loss 244.97
| epoch  80 |  200/ 371 batches | ms/batch 537.55 | loss 243.32
| epoch  80 |  300/ 371 batches | ms/batch 534.96 | loss 243.47
-----------------------------------------------------------------------------------------
| end of epoch  80 | time: 1186.39s | valid loss 310.03 | n100 0.255 | r20 0.236 | r50 0.314
-----------------------------------------------------------------------------------------
| epoch  81 |  100/ 371 batches | ms/batch 533.83 | loss 246.40
| epoch  81 |  200/ 371 batches | ms/batch 524.31 | loss 244.39
| epoch  81 |  300/ 371 batches | ms/batch 531.19 | loss 242.41
-----------------------------------------------------------------------------------------
| end of epoch  81 | time: 1199.14s | valid loss 310.51 | n100 0.254 | r20 0.237 | r50 0.315
-----------------------------------------------------------------------------------------
| epoch  82 |  100/ 371 batches | ms/batch 538.46 | loss 243.86
| epoch  82 |  200/ 371 batches | ms/batch 526.58 | loss 244.10
| epoch  82 |  300/ 371 batches | ms/batch 535.25 | loss 242.03
-----------------------------------------------------------------------------------------
| end of epoch  82 | time: 1188.83s | valid loss 310.34 | n100 0.255 | r20 0.236 | r50 0.314
-----------------------------------------------------------------------------------------
| epoch  83 |  100/ 371 batches | ms/batch 547.40 | loss 240.30
| epoch  83 |  200/ 371 batches | ms/batch 532.91 | loss 243.28
| epoch  83 |  300/ 371 batches | ms/batch 537.47 | loss 243.61
-----------------------------------------------------------------------------------------
| end of epoch  83 | time: 1216.36s | valid loss 310.90 | n100 0.255 | r20 0.236 | r50 0.314
-----------------------------------------------------------------------------------------
| epoch  84 |  100/ 371 batches | ms/batch 544.53 | loss 241.50
| epoch  84 |  200/ 371 batches | ms/batch 540.44 | loss 240.92
| epoch  84 |  300/ 371 batches | ms/batch 536.78 | loss 243.55
-----------------------------------------------------------------------------------------
| end of epoch  84 | time: 1206.75s | valid loss 311.11 | n100 0.255 | r20 0.236 | r50 0.314
-----------------------------------------------------------------------------------------
| epoch  85 |  100/ 371 batches | ms/batch 526.25 | loss 242.20
| epoch  85 |  200/ 371 batches | ms/batch 533.76 | loss 240.26
| epoch  85 |  300/ 371 batches | ms/batch 545.20 | loss 245.46
-----------------------------------------------------------------------------------------
| end of epoch  85 | time: 1195.31s | valid loss 310.93 | n100 0.256 | r20 0.237 | r50 0.315
-----------------------------------------------------------------------------------------
| epoch  86 |  100/ 371 batches | ms/batch 536.80 | loss 242.29
| epoch  86 |  200/ 371 batches | ms/batch 537.87 | loss 243.34
| epoch  86 |  300/ 371 batches | ms/batch 528.16 | loss 242.27
-----------------------------------------------------------------------------------------
| end of epoch  86 | time: 1193.01s | valid loss 310.98 | n100 0.256 | r20 0.238 | r50 0.315
-----------------------------------------------------------------------------------------
| epoch  87 |  100/ 371 batches | ms/batch 535.67 | loss 244.31
| epoch  87 |  200/ 371 batches | ms/batch 523.61 | loss 240.45
| epoch  87 |  300/ 371 batches | ms/batch 522.98 | loss 242.42
-----------------------------------------------------------------------------------------
| end of epoch  87 | time: 1191.09s | valid loss 311.27 | n100 0.255 | r20 0.237 | r50 0.315
-----------------------------------------------------------------------------------------
| epoch  88 |  100/ 371 batches | ms/batch 536.25 | loss 243.44
| epoch  88 |  200/ 371 batches | ms/batch 540.27 | loss 242.85
| epoch  88 |  300/ 371 batches | ms/batch 536.88 | loss 241.10
-----------------------------------------------------------------------------------------
| end of epoch  88 | time: 1202.01s | valid loss 310.91 | n100 0.256 | r20 0.238 | r50 0.315
-----------------------------------------------------------------------------------------
| epoch  89 |  100/ 371 batches | ms/batch 542.27 | loss 243.72
| epoch  89 |  200/ 371 batches | ms/batch 533.96 | loss 242.26
| epoch  89 |  300/ 371 batches | ms/batch 525.35 | loss 239.96
-----------------------------------------------------------------------------------------
| end of epoch  89 | time: 1201.56s | valid loss 311.51 | n100 0.256 | r20 0.239 | r50 0.314
-----------------------------------------------------------------------------------------
| epoch  90 |  100/ 371 batches | ms/batch 527.16 | loss 241.97
| epoch  90 |  200/ 371 batches | ms/batch 540.76 | loss 242.37
| epoch  90 |  300/ 371 batches | ms/batch 534.81 | loss 241.21
-----------------------------------------------------------------------------------------
| end of epoch  90 | time: 1198.89s | valid loss 311.55 | n100 0.255 | r20 0.237 | r50 0.315
-----------------------------------------------------------------------------------------
| epoch  91 |  100/ 371 batches | ms/batch 531.44 | loss 243.20
| epoch  91 |  200/ 371 batches | ms/batch 530.63 | loss 240.48
| epoch  91 |  300/ 371 batches | ms/batch 534.62 | loss 241.68
-----------------------------------------------------------------------------------------
| end of epoch  91 | time: 1201.04s | valid loss 311.97 | n100 0.255 | r20 0.238 | r50 0.316
-----------------------------------------------------------------------------------------
| epoch  92 |  100/ 371 batches | ms/batch 538.77 | loss 243.15
| epoch  92 |  200/ 371 batches | ms/batch 533.00 | loss 237.88
| epoch  92 |  300/ 371 batches | ms/batch 529.82 | loss 242.14
-----------------------------------------------------------------------------------------
| end of epoch  92 | time: 1199.41s | valid loss 311.14 | n100 0.256 | r20 0.238 | r50 0.315
-----------------------------------------------------------------------------------------
| epoch  93 |  100/ 371 batches | ms/batch 536.37 | loss 243.53
| epoch  93 |  200/ 371 batches | ms/batch 532.54 | loss 238.27
| epoch  93 |  300/ 371 batches | ms/batch 524.76 | loss 243.49
-----------------------------------------------------------------------------------------
| end of epoch  93 | time: 1192.39s | valid loss 312.17 | n100 0.255 | r20 0.238 | r50 0.315
-----------------------------------------------------------------------------------------
| epoch  94 |  100/ 371 batches | ms/batch 547.51 | loss 241.95
| epoch  94 |  200/ 371 batches | ms/batch 539.29 | loss 238.81
| epoch  94 |  300/ 371 batches | ms/batch 535.12 | loss 242.32
-----------------------------------------------------------------------------------------
| end of epoch  94 | time: 1199.81s | valid loss 311.19 | n100 0.256 | r20 0.238 | r50 0.315
-----------------------------------------------------------------------------------------
| epoch  95 |  100/ 371 batches | ms/batch 541.90 | loss 242.50
| epoch  95 |  200/ 371 batches | ms/batch 523.44 | loss 238.88
| epoch  95 |  300/ 371 batches | ms/batch 531.99 | loss 240.68
-----------------------------------------------------------------------------------------
| end of epoch  95 | time: 1206.88s | valid loss 311.63 | n100 0.256 | r20 0.238 | r50 0.315
-----------------------------------------------------------------------------------------
| epoch  96 |  100/ 371 batches | ms/batch 536.98 | loss 240.49
| epoch  96 |  200/ 371 batches | ms/batch 537.23 | loss 240.03
| epoch  96 |  300/ 371 batches | ms/batch 527.88 | loss 241.91
-----------------------------------------------------------------------------------------
| end of epoch  96 | time: 1206.04s | valid loss 311.29 | n100 0.256 | r20 0.238 | r50 0.315
-----------------------------------------------------------------------------------------
| epoch  97 |  100/ 371 batches | ms/batch 537.31 | loss 239.03
| epoch  97 |  200/ 371 batches | ms/batch 539.40 | loss 240.76
| epoch  97 |  300/ 371 batches | ms/batch 526.42 | loss 240.37
-----------------------------------------------------------------------------------------
| end of epoch  97 | time: 1199.53s | valid loss 312.06 | n100 0.256 | r20 0.239 | r50 0.315
-----------------------------------------------------------------------------------------
| epoch  98 |  100/ 371 batches | ms/batch 538.27 | loss 242.17
| epoch  98 |  200/ 371 batches | ms/batch 533.74 | loss 241.61
| epoch  98 |  300/ 371 batches | ms/batch 528.35 | loss 237.16
-----------------------------------------------------------------------------------------
| end of epoch  98 | time: 1203.98s | valid loss 311.65 | n100 0.256 | r20 0.238 | r50 0.315
-----------------------------------------------------------------------------------------
| epoch  99 |  100/ 371 batches | ms/batch 539.38 | loss 240.47
| epoch  99 |  200/ 371 batches | ms/batch 532.79 | loss 239.56
| epoch  99 |  300/ 371 batches | ms/batch 539.58 | loss 241.22
-----------------------------------------------------------------------------------------
| end of epoch  99 | time: 1216.61s | valid loss 311.53 | n100 0.256 | r20 0.238 | r50 0.315
-----------------------------------------------------------------------------------------
| epoch 100 |  100/ 371 batches | ms/batch 537.42 | loss 242.68
| epoch 100 |  200/ 371 batches | ms/batch 532.94 | loss 240.52
| epoch 100 |  300/ 371 batches | ms/batch 525.83 | loss 235.46
-----------------------------------------------------------------------------------------
| end of epoch 100 | time: 1203.44s | valid loss 312.25 | n100 0.256 | r20 0.239 | r50 0.316
-----------------------------------------------------------------------------------------
| epoch 101 |  100/ 371 batches | ms/batch 535.45 | loss 243.47
| epoch 101 |  200/ 371 batches | ms/batch 519.07 | loss 238.35
| epoch 101 |  300/ 371 batches | ms/batch 518.75 | loss 239.60
-----------------------------------------------------------------------------------------
| end of epoch 101 | time: 1196.18s | valid loss 312.93 | n100 0.256 | r20 0.239 | r50 0.316
-----------------------------------------------------------------------------------------
| epoch 102 |  100/ 371 batches | ms/batch 527.30 | loss 240.80
| epoch 102 |  200/ 371 batches | ms/batch 521.38 | loss 237.46
| epoch 102 |  300/ 371 batches | ms/batch 534.79 | loss 242.00
-----------------------------------------------------------------------------------------
| end of epoch 102 | time: 1201.77s | valid loss 313.12 | n100 0.256 | r20 0.238 | r50 0.316
-----------------------------------------------------------------------------------------
| epoch 103 |  100/ 371 batches | ms/batch 530.05 | loss 241.23
| epoch 103 |  200/ 371 batches | ms/batch 531.38 | loss 239.79
| epoch 103 |  300/ 371 batches | ms/batch 529.57 | loss 238.33
-----------------------------------------------------------------------------------------
| end of epoch 103 | time: 1199.35s | valid loss 312.70 | n100 0.256 | r20 0.238 | r50 0.316
-----------------------------------------------------------------------------------------
| epoch 104 |  100/ 371 batches | ms/batch 538.34 | loss 243.20
| epoch 104 |  200/ 371 batches | ms/batch 527.83 | loss 238.32
| epoch 104 |  300/ 371 batches | ms/batch 530.93 | loss 239.12
-----------------------------------------------------------------------------------------
| end of epoch 104 | time: 1208.34s | valid loss 312.50 | n100 0.256 | r20 0.239 | r50 0.315
-----------------------------------------------------------------------------------------
| epoch 105 |  100/ 371 batches | ms/batch 533.98 | loss 242.47
| epoch 105 |  200/ 371 batches | ms/batch 524.33 | loss 236.94
| epoch 105 |  300/ 371 batches | ms/batch 540.95 | loss 241.23
-----------------------------------------------------------------------------------------
| end of epoch 105 | time: 1199.99s | valid loss 312.39 | n100 0.256 | r20 0.238 | r50 0.315
-----------------------------------------------------------------------------------------
| epoch 106 |  100/ 371 batches | ms/batch 519.35 | loss 241.19
| epoch 106 |  200/ 371 batches | ms/batch 513.23 | loss 237.68
| epoch 106 |  300/ 371 batches | ms/batch 510.30 | loss 237.78
-----------------------------------------------------------------------------------------
| end of epoch 106 | time: 1185.39s | valid loss 312.72 | n100 0.256 | r20 0.237 | r50 0.316
-----------------------------------------------------------------------------------------
| epoch 107 |  100/ 371 batches | ms/batch 533.49 | loss 239.30
| epoch 107 |  200/ 371 batches | ms/batch 514.82 | loss 238.65
| epoch 107 |  300/ 371 batches | ms/batch 514.89 | loss 239.99
-----------------------------------------------------------------------------------------
| end of epoch 107 | time: 1195.99s | valid loss 312.45 | n100 0.255 | r20 0.237 | r50 0.315
-----------------------------------------------------------------------------------------
| epoch 108 |  100/ 371 batches | ms/batch 532.06 | loss 241.61
| epoch 108 |  200/ 371 batches | ms/batch 534.02 | loss 240.36
| epoch 108 |  300/ 371 batches | ms/batch 546.51 | loss 236.79
-----------------------------------------------------------------------------------------
| end of epoch 108 | time: 1207.23s | valid loss 313.08 | n100 0.256 | r20 0.239 | r50 0.315
-----------------------------------------------------------------------------------------
| epoch 109 |  100/ 371 batches | ms/batch 534.35 | loss 240.00
| epoch 109 |  200/ 371 batches | ms/batch 535.81 | loss 236.19
| epoch 109 |  300/ 371 batches | ms/batch 540.49 | loss 239.54
-----------------------------------------------------------------------------------------
| end of epoch 109 | time: 1200.89s | valid loss 313.47 | n100 0.256 | r20 0.238 | r50 0.315
-----------------------------------------------------------------------------------------
| epoch 110 |  100/ 371 batches | ms/batch 533.75 | loss 241.04
| epoch 110 |  200/ 371 batches | ms/batch 529.68 | loss 238.80
| epoch 110 |  300/ 371 batches | ms/batch 533.16 | loss 239.17
-----------------------------------------------------------------------------------------
| end of epoch 110 | time: 1206.00s | valid loss 312.70 | n100 0.257 | r20 0.239 | r50 0.315
-----------------------------------------------------------------------------------------
| epoch 111 |  100/ 371 batches | ms/batch 533.27 | loss 241.59
| epoch 111 |  200/ 371 batches | ms/batch 506.95 | loss 237.99
| epoch 111 |  300/ 371 batches | ms/batch 503.16 | loss 236.63
-----------------------------------------------------------------------------------------
| end of epoch 111 | time: 1198.43s | valid loss 312.78 | n100 0.256 | r20 0.238 | r50 0.314
-----------------------------------------------------------------------------------------
| epoch 112 |  100/ 371 batches | ms/batch 526.68 | loss 240.84
| epoch 112 |  200/ 371 batches | ms/batch 541.56 | loss 237.26
| epoch 112 |  300/ 371 batches | ms/batch 525.12 | loss 238.49
-----------------------------------------------------------------------------------------
| end of epoch 112 | time: 1214.21s | valid loss 313.61 | n100 0.256 | r20 0.239 | r50 0.315
-----------------------------------------------------------------------------------------
| epoch 113 |  100/ 371 batches | ms/batch 546.36 | loss 239.33
| epoch 113 |  200/ 371 batches | ms/batch 534.77 | loss 239.11
| epoch 113 |  300/ 371 batches | ms/batch 526.28 | loss 237.99
-----------------------------------------------------------------------------------------
| end of epoch 113 | time: 1195.69s | valid loss 314.19 | n100 0.255 | r20 0.239 | r50 0.316
-----------------------------------------------------------------------------------------
| epoch 114 |  100/ 371 batches | ms/batch 534.49 | loss 240.92
| epoch 114 |  200/ 371 batches | ms/batch 543.18 | loss 237.98
| epoch 114 |  300/ 371 batches | ms/batch 543.71 | loss 237.60
-----------------------------------------------------------------------------------------
| end of epoch 114 | time: 1214.44s | valid loss 313.00 | n100 0.257 | r20 0.240 | r50 0.317
-----------------------------------------------------------------------------------------
| epoch 115 |  100/ 371 batches | ms/batch 531.57 | loss 240.93
| epoch 115 |  200/ 371 batches | ms/batch 512.81 | loss 237.39
| epoch 115 |  300/ 371 batches | ms/batch 516.54 | loss 236.72
-----------------------------------------------------------------------------------------
| end of epoch 115 | time: 1195.75s | valid loss 313.39 | n100 0.256 | r20 0.239 | r50 0.315
-----------------------------------------------------------------------------------------
| epoch 116 |  100/ 371 batches | ms/batch 548.96 | loss 238.76
| epoch 116 |  200/ 371 batches | ms/batch 529.25 | loss 235.12
| epoch 116 |  300/ 371 batches | ms/batch 532.47 | loss 240.30
-----------------------------------------------------------------------------------------
| end of epoch 116 | time: 1214.23s | valid loss 313.82 | n100 0.256 | r20 0.240 | r50 0.316
-----------------------------------------------------------------------------------------
| epoch 117 |  100/ 371 batches | ms/batch 553.04 | loss 239.33
| epoch 117 |  200/ 371 batches | ms/batch 538.45 | loss 237.05
| epoch 117 |  300/ 371 batches | ms/batch 530.01 | loss 238.94
-----------------------------------------------------------------------------------------
| end of epoch 117 | time: 1206.40s | valid loss 313.86 | n100 0.257 | r20 0.239 | r50 0.316
-----------------------------------------------------------------------------------------
| epoch 118 |  100/ 371 batches | ms/batch 541.77 | loss 238.96
| epoch 118 |  200/ 371 batches | ms/batch 531.11 | loss 236.20
| epoch 118 |  300/ 371 batches | ms/batch 534.87 | loss 237.82
-----------------------------------------------------------------------------------------
| end of epoch 118 | time: 1208.03s | valid loss 314.04 | n100 0.256 | r20 0.239 | r50 0.315
-----------------------------------------------------------------------------------------
| epoch 119 |  100/ 371 batches | ms/batch 539.87 | loss 239.93
| epoch 119 |  200/ 371 batches | ms/batch 531.38 | loss 236.28
| epoch 119 |  300/ 371 batches | ms/batch 530.77 | loss 235.84
-----------------------------------------------------------------------------------------
| end of epoch 119 | time: 1200.29s | valid loss 314.16 | n100 0.256 | r20 0.239 | r50 0.315
-----------------------------------------------------------------------------------------
| epoch 120 |  100/ 371 batches | ms/batch 536.30 | loss 239.36
| epoch 120 |  200/ 371 batches | ms/batch 527.20 | loss 238.58
| epoch 120 |  300/ 371 batches | ms/batch 534.58 | loss 234.64
-----------------------------------------------------------------------------------------
| end of epoch 120 | time: 1197.58s | valid loss 313.88 | n100 0.257 | r20 0.240 | r50 0.316
-----------------------------------------------------------------------------------------
| epoch 121 |  100/ 371 batches | ms/batch 526.55 | loss 240.63
| epoch 121 |  200/ 371 batches | ms/batch 528.36 | loss 233.33
| epoch 121 |  300/ 371 batches | ms/batch 540.07 | loss 239.51
-----------------------------------------------------------------------------------------
| end of epoch 121 | time: 1211.20s | valid loss 315.21 | n100 0.256 | r20 0.238 | r50 0.314
-----------------------------------------------------------------------------------------
| epoch 122 |  100/ 371 batches | ms/batch 538.83 | loss 238.54
| epoch 122 |  200/ 371 batches | ms/batch 529.10 | loss 234.99
| epoch 122 |  300/ 371 batches | ms/batch 531.49 | loss 237.21
-----------------------------------------------------------------------------------------
| end of epoch 122 | time: 1209.68s | valid loss 314.91 | n100 0.257 | r20 0.239 | r50 0.315
-----------------------------------------------------------------------------------------
| epoch 123 |  100/ 371 batches | ms/batch 543.04 | loss 237.83
| epoch 123 |  200/ 371 batches | ms/batch 527.48 | loss 236.85
| epoch 123 |  300/ 371 batches | ms/batch 536.14 | loss 237.90
-----------------------------------------------------------------------------------------
| end of epoch 123 | time: 1198.48s | valid loss 314.49 | n100 0.256 | r20 0.238 | r50 0.315
-----------------------------------------------------------------------------------------
| epoch 124 |  100/ 371 batches | ms/batch 532.40 | loss 238.56
| epoch 124 |  200/ 371 batches | ms/batch 527.76 | loss 238.23
| epoch 124 |  300/ 371 batches | ms/batch 531.45 | loss 235.75
-----------------------------------------------------------------------------------------
| end of epoch 124 | time: 1210.72s | valid loss 314.53 | n100 0.256 | r20 0.239 | r50 0.315
-----------------------------------------------------------------------------------------
| epoch 125 |  100/ 371 batches | ms/batch 521.31 | loss 238.18
| epoch 125 |  200/ 371 batches | ms/batch 534.21 | loss 236.57
| epoch 125 |  300/ 371 batches | ms/batch 537.75 | loss 238.52
-----------------------------------------------------------------------------------------
| end of epoch 125 | time: 1210.52s | valid loss 314.00 | n100 0.257 | r20 0.239 | r50 0.316
-----------------------------------------------------------------------------------------
| epoch 126 |  100/ 371 batches | ms/batch 532.53 | loss 237.08
| epoch 126 |  200/ 371 batches | ms/batch 530.78 | loss 234.71
| epoch 126 |  300/ 371 batches | ms/batch 533.88 | loss 240.23
-----------------------------------------------------------------------------------------
| end of epoch 126 | time: 1203.92s | valid loss 314.78 | n100 0.257 | r20 0.239 | r50 0.316
-----------------------------------------------------------------------------------------
| epoch 127 |  100/ 371 batches | ms/batch 535.37 | loss 238.13
| epoch 127 |  200/ 371 batches | ms/batch 535.14 | loss 234.49
| epoch 127 |  300/ 371 batches | ms/batch 526.22 | loss 239.52
-----------------------------------------------------------------------------------------
| end of epoch 127 | time: 1207.79s | valid loss 313.93 | n100 0.257 | r20 0.239 | r50 0.316
-----------------------------------------------------------------------------------------
| epoch 128 |  100/ 371 batches | ms/batch 544.94 | loss 235.93
| epoch 128 |  200/ 371 batches | ms/batch 543.54 | loss 237.40
| epoch 128 |  300/ 371 batches | ms/batch 527.53 | loss 238.25
-----------------------------------------------------------------------------------------
| end of epoch 128 | time: 1218.12s | valid loss 314.70 | n100 0.256 | r20 0.238 | r50 0.315
-----------------------------------------------------------------------------------------
| epoch 129 |  100/ 371 batches | ms/batch 541.47 | loss 237.99
| epoch 129 |  200/ 371 batches | ms/batch 532.37 | loss 236.96
| epoch 129 |  300/ 371 batches | ms/batch 516.54 | loss 238.43
-----------------------------------------------------------------------------------------
| end of epoch 129 | time: 1197.17s | valid loss 314.87 | n100 0.257 | r20 0.239 | r50 0.316
-----------------------------------------------------------------------------------------
| epoch 130 |  100/ 371 batches | ms/batch 532.36 | loss 237.58
| epoch 130 |  200/ 371 batches | ms/batch 527.74 | loss 234.77
| epoch 130 |  300/ 371 batches | ms/batch 536.55 | loss 238.17
-----------------------------------------------------------------------------------------
| end of epoch 130 | time: 1213.93s | valid loss 315.10 | n100 0.258 | r20 0.239 | r50 0.316
-----------------------------------------------------------------------------------------
| epoch 131 |  100/ 371 batches | ms/batch 541.08 | loss 237.36
| epoch 131 |  200/ 371 batches | ms/batch 539.24 | loss 236.47
| epoch 131 |  300/ 371 batches | ms/batch 533.27 | loss 236.54
-----------------------------------------------------------------------------------------
| end of epoch 131 | time: 1202.48s | valid loss 314.18 | n100 0.257 | r20 0.240 | r50 0.315
-----------------------------------------------------------------------------------------
| epoch 132 |  100/ 371 batches | ms/batch 544.22 | loss 238.35
| epoch 132 |  200/ 371 batches | ms/batch 545.51 | loss 236.29
| epoch 132 |  300/ 371 batches | ms/batch 537.75 | loss 236.96
-----------------------------------------------------------------------------------------
| end of epoch 132 | time: 1210.64s | valid loss 315.71 | n100 0.256 | r20 0.238 | r50 0.315
-----------------------------------------------------------------------------------------
| epoch 133 |  100/ 371 batches | ms/batch 534.41 | loss 239.38
| epoch 133 |  200/ 371 batches | ms/batch 538.17 | loss 235.78
| epoch 133 |  300/ 371 batches | ms/batch 534.89 | loss 235.46
-----------------------------------------------------------------------------------------
| end of epoch 133 | time: 1206.94s | valid loss 314.89 | n100 0.257 | r20 0.240 | r50 0.315
-----------------------------------------------------------------------------------------
| epoch 134 |  100/ 371 batches | ms/batch 539.92 | loss 238.94
| epoch 134 |  200/ 371 batches | ms/batch 531.95 | loss 235.01
| epoch 134 |  300/ 371 batches | ms/batch 539.85 | loss 236.84
-----------------------------------------------------------------------------------------
| end of epoch 134 | time: 1215.67s | valid loss 315.86 | n100 0.257 | r20 0.240 | r50 0.315
-----------------------------------------------------------------------------------------
| epoch 135 |  100/ 371 batches | ms/batch 543.60 | loss 237.43
| epoch 135 |  200/ 371 batches | ms/batch 536.73 | loss 235.82
| epoch 135 |  300/ 371 batches | ms/batch 537.21 | loss 235.99
-----------------------------------------------------------------------------------------
| end of epoch 135 | time: 1212.90s | valid loss 315.12 | n100 0.257 | r20 0.239 | r50 0.316
-----------------------------------------------------------------------------------------
| epoch 136 |  100/ 371 batches | ms/batch 531.12 | loss 237.17
| epoch 136 |  200/ 371 batches | ms/batch 526.01 | loss 233.68
| epoch 136 |  300/ 371 batches | ms/batch 533.72 | loss 237.28
-----------------------------------------------------------------------------------------
| end of epoch 136 | time: 1208.79s | valid loss 315.76 | n100 0.256 | r20 0.239 | r50 0.315
-----------------------------------------------------------------------------------------
| epoch 137 |  100/ 371 batches | ms/batch 533.62 | loss 237.88
| epoch 137 |  200/ 371 batches | ms/batch 533.70 | loss 233.16
| epoch 137 |  300/ 371 batches | ms/batch 531.57 | loss 236.51
-----------------------------------------------------------------------------------------
| end of epoch 137 | time: 1213.59s | valid loss 315.30 | n100 0.257 | r20 0.240 | r50 0.316
-----------------------------------------------------------------------------------------
| epoch 138 |  100/ 371 batches | ms/batch 534.23 | loss 237.08
| epoch 138 |  200/ 371 batches | ms/batch 525.29 | loss 234.52
| epoch 138 |  300/ 371 batches | ms/batch 526.86 | loss 236.32
-----------------------------------------------------------------------------------------
| end of epoch 138 | time: 1202.05s | valid loss 316.34 | n100 0.257 | r20 0.239 | r50 0.316
-----------------------------------------------------------------------------------------
| epoch 139 |  100/ 371 batches | ms/batch 535.23 | loss 236.71
| epoch 139 |  200/ 371 batches | ms/batch 525.11 | loss 236.97
| epoch 139 |  300/ 371 batches | ms/batch 519.13 | loss 237.84
-----------------------------------------------------------------------------------------
| end of epoch 139 | time: 1200.77s | valid loss 316.20 | n100 0.257 | r20 0.239 | r50 0.316
-----------------------------------------------------------------------------------------
| epoch 140 |  100/ 371 batches | ms/batch 535.71 | loss 238.37
| epoch 140 |  200/ 371 batches | ms/batch 538.98 | loss 234.82
| epoch 140 |  300/ 371 batches | ms/batch 527.18 | loss 233.16
-----------------------------------------------------------------------------------------
| end of epoch 140 | time: 1214.18s | valid loss 316.48 | n100 0.257 | r20 0.240 | r50 0.315
-----------------------------------------------------------------------------------------
| epoch 141 |  100/ 371 batches | ms/batch 536.55 | loss 238.80
| epoch 141 |  200/ 371 batches | ms/batch 525.60 | loss 234.78
| epoch 141 |  300/ 371 batches | ms/batch 536.42 | loss 234.32
-----------------------------------------------------------------------------------------
| end of epoch 141 | time: 1212.16s | valid loss 316.46 | n100 0.257 | r20 0.240 | r50 0.316
-----------------------------------------------------------------------------------------
| epoch 142 |  100/ 371 batches | ms/batch 538.97 | loss 234.89
| epoch 142 |  200/ 371 batches | ms/batch 526.98 | loss 233.30
| epoch 142 |  300/ 371 batches | ms/batch 522.41 | loss 237.90
-----------------------------------------------------------------------------------------
| end of epoch 142 | time: 1205.15s | valid loss 315.88 | n100 0.257 | r20 0.239 | r50 0.316
-----------------------------------------------------------------------------------------
| epoch 143 |  100/ 371 batches | ms/batch 537.86 | loss 236.22
| epoch 143 |  200/ 371 batches | ms/batch 527.99 | loss 233.66
| epoch 143 |  300/ 371 batches | ms/batch 538.62 | loss 236.91
-----------------------------------------------------------------------------------------
| end of epoch 143 | time: 1199.79s | valid loss 316.07 | n100 0.257 | r20 0.239 | r50 0.316
-----------------------------------------------------------------------------------------
| epoch 144 |  100/ 371 batches | ms/batch 533.40 | loss 239.11
| epoch 144 |  200/ 371 batches | ms/batch 526.87 | loss 233.53
| epoch 144 |  300/ 371 batches | ms/batch 524.12 | loss 234.84
-----------------------------------------------------------------------------------------
| end of epoch 144 | time: 1207.87s | valid loss 316.39 | n100 0.257 | r20 0.240 | r50 0.316
-----------------------------------------------------------------------------------------
| epoch 145 |  100/ 371 batches | ms/batch 520.07 | loss 238.35
| epoch 145 |  200/ 371 batches | ms/batch 517.09 | loss 234.77
| epoch 145 |  300/ 371 batches | ms/batch 516.26 | loss 233.62
-----------------------------------------------------------------------------------------
| end of epoch 145 | time: 1195.06s | valid loss 316.08 | n100 0.257 | r20 0.240 | r50 0.315
-----------------------------------------------------------------------------------------
| epoch 146 |  100/ 371 batches | ms/batch 524.59 | loss 237.26
| epoch 146 |  200/ 371 batches | ms/batch 535.50 | loss 235.80
| epoch 146 |  300/ 371 batches | ms/batch 518.55 | loss 233.33
-----------------------------------------------------------------------------------------
| end of epoch 146 | time: 1186.81s | valid loss 316.27 | n100 0.257 | r20 0.240 | r50 0.315
-----------------------------------------------------------------------------------------
| epoch 147 |  100/ 371 batches | ms/batch 533.60 | loss 235.55
| epoch 147 |  200/ 371 batches | ms/batch 509.35 | loss 234.05
| epoch 147 |  300/ 371 batches | ms/batch 512.77 | loss 235.94
-----------------------------------------------------------------------------------------
| end of epoch 147 | time: 1202.77s | valid loss 317.03 | n100 0.257 | r20 0.240 | r50 0.315
-----------------------------------------------------------------------------------------
| epoch 148 |  100/ 371 batches | ms/batch 533.53 | loss 236.57
| epoch 148 |  200/ 371 batches | ms/batch 521.14 | loss 234.34
| epoch 148 |  300/ 371 batches | ms/batch 533.38 | loss 234.06
-----------------------------------------------------------------------------------------
| end of epoch 148 | time: 1204.01s | valid loss 316.74 | n100 0.257 | r20 0.240 | r50 0.316
-----------------------------------------------------------------------------------------
| epoch 149 |  100/ 371 batches | ms/batch 541.47 | loss 236.09
| epoch 149 |  200/ 371 batches | ms/batch 527.36 | loss 235.55
| epoch 149 |  300/ 371 batches | ms/batch 533.51 | loss 233.59
-----------------------------------------------------------------------------------------
| end of epoch 149 | time: 1184.39s | valid loss 316.74 | n100 0.256 | r20 0.239 | r50 0.315
-----------------------------------------------------------------------------------------
| epoch 150 |  100/ 371 batches | ms/batch 541.87 | loss 236.80
| epoch 150 |  200/ 371 batches | ms/batch 537.08 | loss 233.77
| epoch 150 |  300/ 371 batches | ms/batch 523.26 | loss 233.98
-----------------------------------------------------------------------------------------
| end of epoch 150 | time: 1207.33s | valid loss 316.48 | n100 0.257 | r20 0.240 | r50 0.316
-----------------------------------------------------------------------------------------
| epoch 151 |  100/ 371 batches | ms/batch 553.88 | loss 235.89
| epoch 151 |  200/ 371 batches | ms/batch 539.07 | loss 232.09
| epoch 151 |  300/ 371 batches | ms/batch 528.73 | loss 236.21
-----------------------------------------------------------------------------------------
| end of epoch 151 | time: 1212.57s | valid loss 316.87 | n100 0.257 | r20 0.240 | r50 0.315
-----------------------------------------------------------------------------------------
| epoch 152 |  100/ 371 batches | ms/batch 543.09 | loss 235.90
| epoch 152 |  200/ 371 batches | ms/batch 538.12 | loss 231.92
| epoch 152 |  300/ 371 batches | ms/batch 521.22 | loss 235.25
-----------------------------------------------------------------------------------------
| end of epoch 152 | time: 1212.58s | valid loss 317.23 | n100 0.257 | r20 0.239 | r50 0.315
-----------------------------------------------------------------------------------------
| epoch 153 |  100/ 371 batches | ms/batch 533.81 | loss 236.66
| epoch 153 |  200/ 371 batches | ms/batch 529.73 | loss 232.64
| epoch 153 |  300/ 371 batches | ms/batch 536.88 | loss 234.60
-----------------------------------------------------------------------------------------
| end of epoch 153 | time: 1204.11s | valid loss 316.92 | n100 0.257 | r20 0.239 | r50 0.315
-----------------------------------------------------------------------------------------
| epoch 154 |  100/ 371 batches | ms/batch 527.81 | loss 238.35
| epoch 154 |  200/ 371 batches | ms/batch 526.11 | loss 232.74
| epoch 154 |  300/ 371 batches | ms/batch 520.76 | loss 232.06
-----------------------------------------------------------------------------------------
| end of epoch 154 | time: 1195.90s | valid loss 317.94 | n100 0.256 | r20 0.239 | r50 0.315
-----------------------------------------------------------------------------------------
| epoch 155 |  100/ 371 batches | ms/batch 542.80 | loss 236.20
| epoch 155 |  200/ 371 batches | ms/batch 533.46 | loss 232.70
| epoch 155 |  300/ 371 batches | ms/batch 523.08 | loss 234.79
-----------------------------------------------------------------------------------------
| end of epoch 155 | time: 1200.94s | valid loss 316.74 | n100 0.257 | r20 0.239 | r50 0.316
-----------------------------------------------------------------------------------------
| epoch 156 |  100/ 371 batches | ms/batch 540.37 | loss 236.79
| epoch 156 |  200/ 371 batches | ms/batch 541.38 | loss 231.52
| epoch 156 |  300/ 371 batches | ms/batch 538.69 | loss 233.26
-----------------------------------------------------------------------------------------
| end of epoch 156 | time: 1205.26s | valid loss 317.68 | n100 0.257 | r20 0.240 | r50 0.316
-----------------------------------------------------------------------------------------
| epoch 157 |  100/ 371 batches | ms/batch 531.78 | loss 235.54
| epoch 157 |  200/ 371 batches | ms/batch 523.03 | loss 232.80
| epoch 157 |  300/ 371 batches | ms/batch 537.63 | loss 233.84
-----------------------------------------------------------------------------------------
| end of epoch 157 | time: 1199.64s | valid loss 317.49 | n100 0.258 | r20 0.241 | r50 0.316
-----------------------------------------------------------------------------------------
| epoch 158 |  100/ 371 batches | ms/batch 532.14 | loss 235.53
| epoch 158 |  200/ 371 batches | ms/batch 519.74 | loss 232.14
| epoch 158 |  300/ 371 batches | ms/batch 525.53 | loss 235.29
-----------------------------------------------------------------------------------------
| end of epoch 158 | time: 1195.98s | valid loss 318.64 | n100 0.257 | r20 0.240 | r50 0.316
-----------------------------------------------------------------------------------------
| epoch 159 |  100/ 371 batches | ms/batch 548.71 | loss 234.50
| epoch 159 |  200/ 371 batches | ms/batch 548.75 | loss 231.98
| epoch 159 |  300/ 371 batches | ms/batch 543.83 | loss 234.99
-----------------------------------------------------------------------------------------
| end of epoch 159 | time: 1216.41s | valid loss 318.13 | n100 0.257 | r20 0.239 | r50 0.315
-----------------------------------------------------------------------------------------
| epoch 160 |  100/ 371 batches | ms/batch 541.49 | loss 234.68
| epoch 160 |  200/ 371 batches | ms/batch 527.90 | loss 232.08
| epoch 160 |  300/ 371 batches | ms/batch 542.18 | loss 233.64
-----------------------------------------------------------------------------------------
| end of epoch 160 | time: 1219.61s | valid loss 318.43 | n100 0.257 | r20 0.240 | r50 0.315
-----------------------------------------------------------------------------------------
| epoch 161 |  100/ 371 batches | ms/batch 528.93 | loss 234.38
| epoch 161 |  200/ 371 batches | ms/batch 527.58 | loss 234.61
| epoch 161 |  300/ 371 batches | ms/batch 521.16 | loss 232.78
-----------------------------------------------------------------------------------------
| end of epoch 161 | time: 1207.30s | valid loss 318.45 | n100 0.256 | r20 0.239 | r50 0.314
-----------------------------------------------------------------------------------------
| epoch 162 |  100/ 371 batches | ms/batch 549.48 | loss 237.10
| epoch 162 |  200/ 371 batches | ms/batch 540.08 | loss 233.03
| epoch 162 |  300/ 371 batches | ms/batch 535.00 | loss 230.49
-----------------------------------------------------------------------------------------
| end of epoch 162 | time: 1217.15s | valid loss 317.97 | n100 0.257 | r20 0.240 | r50 0.315
-----------------------------------------------------------------------------------------
| epoch 163 |  100/ 371 batches | ms/batch 538.70 | loss 236.71
| epoch 163 |  200/ 371 batches | ms/batch 529.93 | loss 232.93
| epoch 163 |  300/ 371 batches | ms/batch 534.29 | loss 233.88
-----------------------------------------------------------------------------------------
| end of epoch 163 | time: 1206.61s | valid loss 318.27 | n100 0.257 | r20 0.239 | r50 0.314
-----------------------------------------------------------------------------------------
| epoch 164 |  100/ 371 batches | ms/batch 544.89 | loss 234.06
| epoch 164 |  200/ 371 batches | ms/batch 534.86 | loss 234.48
| epoch 164 |  300/ 371 batches | ms/batch 536.26 | loss 232.77
-----------------------------------------------------------------------------------------
| end of epoch 164 | time: 1214.09s | valid loss 317.91 | n100 0.257 | r20 0.240 | r50 0.316
-----------------------------------------------------------------------------------------
| epoch 165 |  100/ 371 batches | ms/batch 534.22 | loss 233.67
| epoch 165 |  200/ 371 batches | ms/batch 533.00 | loss 234.56
| epoch 165 |  300/ 371 batches | ms/batch 535.44 | loss 234.00
-----------------------------------------------------------------------------------------
| end of epoch 165 | time: 1204.13s | valid loss 318.02 | n100 0.257 | r20 0.239 | r50 0.316
-----------------------------------------------------------------------------------------
| epoch 166 |  100/ 371 batches | ms/batch 508.53 | loss 235.04
| epoch 166 |  200/ 371 batches | ms/batch 501.40 | loss 233.00
| epoch 166 |  300/ 371 batches | ms/batch 502.50 | loss 232.12
-----------------------------------------------------------------------------------------
| end of epoch 166 | time: 1191.58s | valid loss 318.37 | n100 0.256 | r20 0.240 | r50 0.316
-----------------------------------------------------------------------------------------
| epoch 167 |  100/ 371 batches | ms/batch 530.97 | loss 235.97
| epoch 167 |  200/ 371 batches | ms/batch 534.00 | loss 231.77
| epoch 167 |  300/ 371 batches | ms/batch 536.33 | loss 232.30
-----------------------------------------------------------------------------------------
| end of epoch 167 | time: 1208.16s | valid loss 318.76 | n100 0.257 | r20 0.239 | r50 0.315
-----------------------------------------------------------------------------------------
| epoch 168 |  100/ 371 batches | ms/batch 528.69 | loss 235.60
| epoch 168 |  200/ 371 batches | ms/batch 526.33 | loss 231.46
| epoch 168 |  300/ 371 batches | ms/batch 529.75 | loss 233.52
-----------------------------------------------------------------------------------------
| end of epoch 168 | time: 1202.17s | valid loss 319.18 | n100 0.257 | r20 0.239 | r50 0.315
-----------------------------------------------------------------------------------------
| epoch 169 |  100/ 371 batches | ms/batch 548.87 | loss 235.11
| epoch 169 |  200/ 371 batches | ms/batch 541.23 | loss 233.33
| epoch 169 |  300/ 371 batches | ms/batch 532.32 | loss 232.45
-----------------------------------------------------------------------------------------
| end of epoch 169 | time: 1208.49s | valid loss 319.95 | n100 0.256 | r20 0.240 | r50 0.314
-----------------------------------------------------------------------------------------
| epoch 170 |  100/ 371 batches | ms/batch 535.51 | loss 236.92
| epoch 170 |  200/ 371 batches | ms/batch 527.09 | loss 231.89
| epoch 170 |  300/ 371 batches | ms/batch 529.30 | loss 232.08
-----------------------------------------------------------------------------------------
| end of epoch 170 | time: 1204.76s | valid loss 319.25 | n100 0.256 | r20 0.240 | r50 0.315
-----------------------------------------------------------------------------------------
| epoch 171 |  100/ 371 batches | ms/batch 548.24 | loss 234.52
| epoch 171 |  200/ 371 batches | ms/batch 542.55 | loss 232.14
| epoch 171 |  300/ 371 batches | ms/batch 536.11 | loss 232.23
-----------------------------------------------------------------------------------------
| end of epoch 171 | time: 1206.19s | valid loss 319.10 | n100 0.258 | r20 0.240 | r50 0.315
-----------------------------------------------------------------------------------------
| epoch 172 |  100/ 371 batches | ms/batch 533.15 | loss 233.77
| epoch 172 |  200/ 371 batches | ms/batch 536.96 | loss 231.60
| epoch 172 |  300/ 371 batches | ms/batch 539.61 | loss 234.40
-----------------------------------------------------------------------------------------
| end of epoch 172 | time: 1213.58s | valid loss 319.15 | n100 0.256 | r20 0.240 | r50 0.314
-----------------------------------------------------------------------------------------
| epoch 173 |  100/ 371 batches | ms/batch 534.39 | loss 232.39
| epoch 173 |  200/ 371 batches | ms/batch 533.64 | loss 235.51
| epoch 173 |  300/ 371 batches | ms/batch 533.42 | loss 232.66
-----------------------------------------------------------------------------------------
| end of epoch 173 | time: 1207.11s | valid loss 318.90 | n100 0.256 | r20 0.240 | r50 0.315
-----------------------------------------------------------------------------------------
| epoch 174 |  100/ 371 batches | ms/batch 548.33 | loss 233.26
| epoch 174 |  200/ 371 batches | ms/batch 541.71 | loss 233.44
| epoch 174 |  300/ 371 batches | ms/batch 542.05 | loss 232.11
-----------------------------------------------------------------------------------------
| end of epoch 174 | time: 1200.94s | valid loss 319.22 | n100 0.257 | r20 0.239 | r50 0.315
-----------------------------------------------------------------------------------------
| epoch 175 |  100/ 371 batches | ms/batch 549.10 | loss 234.42
| epoch 175 |  200/ 371 batches | ms/batch 538.57 | loss 229.99
| epoch 175 |  300/ 371 batches | ms/batch 537.05 | loss 233.64
-----------------------------------------------------------------------------------------
| end of epoch 175 | time: 1204.49s | valid loss 319.38 | n100 0.256 | r20 0.239 | r50 0.317
-----------------------------------------------------------------------------------------
| epoch 176 |  100/ 371 batches | ms/batch 533.86 | loss 235.61
| epoch 176 |  200/ 371 batches | ms/batch 515.81 | loss 231.68
| epoch 176 |  300/ 371 batches | ms/batch 517.67 | loss 232.65
-----------------------------------------------------------------------------------------
| end of epoch 176 | time: 1212.56s | valid loss 319.89 | n100 0.256 | r20 0.240 | r50 0.315
-----------------------------------------------------------------------------------------
| epoch 177 |  100/ 371 batches | ms/batch 546.20 | loss 233.97
| epoch 177 |  200/ 371 batches | ms/batch 534.85 | loss 230.75
| epoch 177 |  300/ 371 batches | ms/batch 541.28 | loss 235.19
-----------------------------------------------------------------------------------------
| end of epoch 177 | time: 1217.83s | valid loss 320.23 | n100 0.256 | r20 0.240 | r50 0.315
-----------------------------------------------------------------------------------------
| epoch 178 |  100/ 371 batches | ms/batch 535.27 | loss 232.10
| epoch 178 |  200/ 371 batches | ms/batch 529.95 | loss 231.96
| epoch 178 |  300/ 371 batches | ms/batch 543.39 | loss 234.52
-----------------------------------------------------------------------------------------
| end of epoch 178 | time: 1193.74s | valid loss 320.31 | n100 0.257 | r20 0.240 | r50 0.315
-----------------------------------------------------------------------------------------
| epoch 179 |  100/ 371 batches | ms/batch 545.66 | loss 235.13
| epoch 179 |  200/ 371 batches | ms/batch 544.18 | loss 233.86
| epoch 179 |  300/ 371 batches | ms/batch 522.47 | loss 230.88
-----------------------------------------------------------------------------------------
| end of epoch 179 | time: 1213.13s | valid loss 319.44 | n100 0.257 | r20 0.240 | r50 0.316
-----------------------------------------------------------------------------------------
| epoch 180 |  100/ 371 batches | ms/batch 545.78 | loss 233.15
| epoch 180 |  200/ 371 batches | ms/batch 533.40 | loss 231.21
| epoch 180 |  300/ 371 batches | ms/batch 531.15 | loss 230.78
-----------------------------------------------------------------------------------------
| end of epoch 180 | time: 1199.93s | valid loss 319.56 | n100 0.256 | r20 0.240 | r50 0.315
-----------------------------------------------------------------------------------------
| epoch 181 |  100/ 371 batches | ms/batch 550.57 | loss 234.71
| epoch 181 |  200/ 371 batches | ms/batch 538.97 | loss 232.40
| epoch 181 |  300/ 371 batches | ms/batch 538.20 | loss 231.21
-----------------------------------------------------------------------------------------
| end of epoch 181 | time: 1220.58s | valid loss 319.99 | n100 0.257 | r20 0.239 | r50 0.316
-----------------------------------------------------------------------------------------
| epoch 182 |  100/ 371 batches | ms/batch 529.18 | loss 232.62
| epoch 182 |  200/ 371 batches | ms/batch 520.14 | loss 233.58
| epoch 182 |  300/ 371 batches | ms/batch 513.64 | loss 233.11
-----------------------------------------------------------------------------------------
| end of epoch 182 | time: 1202.96s | valid loss 319.24 | n100 0.256 | r20 0.239 | r50 0.315
-----------------------------------------------------------------------------------------
| epoch 183 |  100/ 371 batches | ms/batch 535.33 | loss 234.67
| epoch 183 |  200/ 371 batches | ms/batch 537.54 | loss 234.44
| epoch 183 |  300/ 371 batches | ms/batch 546.43 | loss 231.13
-----------------------------------------------------------------------------------------
| end of epoch 183 | time: 1216.23s | valid loss 319.98 | n100 0.256 | r20 0.239 | r50 0.314
-----------------------------------------------------------------------------------------
| epoch 184 |  100/ 371 batches | ms/batch 536.97 | loss 234.35
| epoch 184 |  200/ 371 batches | ms/batch 524.40 | loss 232.58
| epoch 184 |  300/ 371 batches | ms/batch 529.36 | loss 230.68
-----------------------------------------------------------------------------------------
| end of epoch 184 | time: 1194.73s | valid loss 319.72 | n100 0.257 | r20 0.240 | r50 0.315
-----------------------------------------------------------------------------------------
| epoch 185 |  100/ 371 batches | ms/batch 536.76 | loss 234.76
| epoch 185 |  200/ 371 batches | ms/batch 524.46 | loss 231.23
| epoch 185 |  300/ 371 batches | ms/batch 534.24 | loss 231.43
-----------------------------------------------------------------------------------------
| end of epoch 185 | time: 1206.45s | valid loss 321.06 | n100 0.256 | r20 0.239 | r50 0.315
-----------------------------------------------------------------------------------------
| epoch 186 |  100/ 371 batches | ms/batch 542.17 | loss 234.18
| epoch 186 |  200/ 371 batches | ms/batch 536.99 | loss 231.18
| epoch 186 |  300/ 371 batches | ms/batch 546.41 | loss 231.62
-----------------------------------------------------------------------------------------
| end of epoch 186 | time: 1207.78s | valid loss 320.83 | n100 0.256 | r20 0.240 | r50 0.315
-----------------------------------------------------------------------------------------
| epoch 187 |  100/ 371 batches | ms/batch 535.00 | loss 234.14
| epoch 187 |  200/ 371 batches | ms/batch 535.68 | loss 230.28
| epoch 187 |  300/ 371 batches | ms/batch 527.10 | loss 233.00
-----------------------------------------------------------------------------------------
| end of epoch 187 | time: 1208.57s | valid loss 320.49 | n100 0.256 | r20 0.240 | r50 0.315
-----------------------------------------------------------------------------------------
| epoch 188 |  100/ 371 batches | ms/batch 540.67 | loss 232.90
| epoch 188 |  200/ 371 batches | ms/batch 538.16 | loss 231.97
| epoch 188 |  300/ 371 batches | ms/batch 544.13 | loss 235.10
-----------------------------------------------------------------------------------------
| end of epoch 188 | time: 1214.60s | valid loss 320.89 | n100 0.256 | r20 0.240 | r50 0.315
-----------------------------------------------------------------------------------------
| epoch 189 |  100/ 371 batches | ms/batch 544.29 | loss 231.66
| epoch 189 |  200/ 371 batches | ms/batch 534.13 | loss 232.43
| epoch 189 |  300/ 371 batches | ms/batch 542.66 | loss 231.57
-----------------------------------------------------------------------------------------
| end of epoch 189 | time: 1208.55s | valid loss 320.96 | n100 0.257 | r20 0.240 | r50 0.316
-----------------------------------------------------------------------------------------
| epoch 190 |  100/ 371 batches | ms/batch 538.14 | loss 233.63
| epoch 190 |  200/ 371 batches | ms/batch 526.28 | loss 232.18
| epoch 190 |  300/ 371 batches | ms/batch 523.97 | loss 229.78
-----------------------------------------------------------------------------------------
| end of epoch 190 | time: 1198.44s | valid loss 321.12 | n100 0.257 | r20 0.241 | r50 0.316
-----------------------------------------------------------------------------------------
| epoch 191 |  100/ 371 batches | ms/batch 539.07 | loss 231.61
| epoch 191 |  200/ 371 batches | ms/batch 528.72 | loss 230.26
| epoch 191 |  300/ 371 batches | ms/batch 537.56 | loss 232.65
-----------------------------------------------------------------------------------------
| end of epoch 191 | time: 1208.65s | valid loss 320.16 | n100 0.257 | r20 0.240 | r50 0.316
-----------------------------------------------------------------------------------------
| epoch 192 |  100/ 371 batches | ms/batch 542.71 | loss 235.74
| epoch 192 |  200/ 371 batches | ms/batch 535.76 | loss 231.28
| epoch 192 |  300/ 371 batches | ms/batch 542.67 | loss 230.02
-----------------------------------------------------------------------------------------
| end of epoch 192 | time: 1201.23s | valid loss 321.27 | n100 0.257 | r20 0.240 | r50 0.316
-----------------------------------------------------------------------------------------
| epoch 193 |  100/ 371 batches | ms/batch 544.67 | loss 236.60
| epoch 193 |  200/ 371 batches | ms/batch 540.52 | loss 231.72
| epoch 193 |  300/ 371 batches | ms/batch 533.42 | loss 228.37
-----------------------------------------------------------------------------------------
| end of epoch 193 | time: 1217.25s | valid loss 321.43 | n100 0.256 | r20 0.240 | r50 0.314
-----------------------------------------------------------------------------------------
| epoch 194 |  100/ 371 batches | ms/batch 538.68 | loss 234.64
| epoch 194 |  200/ 371 batches | ms/batch 545.06 | loss 232.39
| epoch 194 |  300/ 371 batches | ms/batch 533.70 | loss 229.15
-----------------------------------------------------------------------------------------
| end of epoch 194 | time: 1211.51s | valid loss 322.21 | n100 0.256 | r20 0.239 | r50 0.315
-----------------------------------------------------------------------------------------
| epoch 195 |  100/ 371 batches | ms/batch 549.90 | loss 232.38
| epoch 195 |  200/ 371 batches | ms/batch 537.43 | loss 229.89
| epoch 195 |  300/ 371 batches | ms/batch 540.34 | loss 231.51
-----------------------------------------------------------------------------------------
| end of epoch 195 | time: 1206.35s | valid loss 322.50 | n100 0.256 | r20 0.240 | r50 0.315
-----------------------------------------------------------------------------------------
| epoch 196 |  100/ 371 batches | ms/batch 536.51 | loss 231.86
| epoch 196 |  200/ 371 batches | ms/batch 533.50 | loss 231.83
| epoch 196 |  300/ 371 batches | ms/batch 524.50 | loss 230.65
-----------------------------------------------------------------------------------------
| end of epoch 196 | time: 1210.48s | valid loss 322.00 | n100 0.256 | r20 0.238 | r50 0.314
-----------------------------------------------------------------------------------------
| epoch 197 |  100/ 371 batches | ms/batch 539.71 | loss 230.57
| epoch 197 |  200/ 371 batches | ms/batch 526.32 | loss 231.76
| epoch 197 |  300/ 371 batches | ms/batch 534.38 | loss 232.56
-----------------------------------------------------------------------------------------
| end of epoch 197 | time: 1213.89s | valid loss 321.73 | n100 0.256 | r20 0.239 | r50 0.315
-----------------------------------------------------------------------------------------
| epoch 198 |  100/ 371 batches | ms/batch 533.65 | loss 235.79
| epoch 198 |  200/ 371 batches | ms/batch 537.03 | loss 229.95
| epoch 198 |  300/ 371 batches | ms/batch 527.20 | loss 230.78
-----------------------------------------------------------------------------------------
| end of epoch 198 | time: 1207.52s | valid loss 322.67 | n100 0.256 | r20 0.239 | r50 0.314
-----------------------------------------------------------------------------------------
| epoch 199 |  100/ 371 batches | ms/batch 547.59 | loss 233.41
| epoch 199 |  200/ 371 batches | ms/batch 533.84 | loss 232.58
| epoch 199 |  300/ 371 batches | ms/batch 529.23 | loss 230.49
-----------------------------------------------------------------------------------------
| end of epoch 199 | time: 1208.22s | valid loss 322.03 | n100 0.256 | r20 0.240 | r50 0.314
-----------------------------------------------------------------------------------------
| epoch 200 |  100/ 371 batches | ms/batch 536.05 | loss 232.45
| epoch 200 |  200/ 371 batches | ms/batch 527.37 | loss 231.31
| epoch 200 |  300/ 371 batches | ms/batch 524.59 | loss 229.83
-----------------------------------------------------------------------------------------
| end of epoch 200 | time: 1197.47s | valid loss 323.08 | n100 0.256 | r20 0.239 | r50 0.315
-----------------------------------------------------------------------------------------
